<?xml version="1.0" encoding="UTF-8"?>
<testng-results ignored="0" total="0" passed="0" failed="0" skipped="0">
  <reporter-output>
  </reporter-output>
  <suite started-at="2025-04-14T20:52:49Z" name="Surefire suite" finished-at="2025-04-14T20:54:11Z" duration-ms="82235">
    <groups>
    </groups>
    <test started-at="2025-04-14T20:52:49Z" name="Surefire test" finished-at="2025-04-14T20:54:11Z" duration-ms="82235">
      <class name="Core.Operaciones.TestngCore">
        <test-method is-config="true" signature="beforeSuite()[pri:0, instance:Core.Operaciones.TestngCore@3527942a]" started-at="2025-04-14T20:52:49Z" name="beforeSuite" finished-at="2025-04-14T20:52:49Z" duration-ms="25" status="PASS">
          <reporter-output>
          </reporter-output>
        </test-method> <!-- beforeSuite -->
        <test-method is-config="true" signature="beforeTest()[pri:0, instance:Core.Operaciones.TestngCore@3527942a]" started-at="2025-04-14T20:52:49Z" name="beforeTest" finished-at="2025-04-14T20:54:11Z" duration-ms="82222" status="PASS">
          <reporter-output>
          </reporter-output>
        </test-method> <!-- beforeTest -->
        <test-method is-config="true" signature="afterTest()[pri:0, instance:Core.Operaciones.TestngCore@3527942a]" started-at="2025-04-14T20:54:11Z" name="afterTest" finished-at="2025-04-14T20:54:11Z" duration-ms="2" status="PASS">
          <reporter-output>
          </reporter-output>
        </test-method> <!-- afterTest -->
        <test-method is-config="true" signature="afterSuite()[pri:0, instance:Core.Operaciones.TestngCore@3527942a]" started-at="2025-04-14T20:54:12Z" name="afterSuite" finished-at="2025-04-14T20:54:12Z" duration-ms="0" status="PASS">
          <reporter-output>
          </reporter-output>
        </test-method> <!-- afterSuite -->
      </class> <!-- Core.Operaciones.TestngCore -->
    </test> <!-- Surefire test -->
  </suite> <!-- Surefire suite -->
</testng-results>
